0.0000E+00,0.0000E+00
1.0000E-02,0.0000E+00
2.0000E-02,0.0000E+00
3.0000E-02,0.0000E+00
4.0000E-02,0.0000E+00
5.0000E-02,0.0000E+00
6.0000E-02,0.0000E+00
7.0000E-02,0.0000E+00
8.0000E-02,0.0000E+00
9.0000E-02,0.0000E+00
1.0000E-01,0.0000E+00
1.1000E-01,0.0000E+00
1.2000E-01,0.0000E+00
1.3000E-01,0.0000E+00
1.4000E-01,0.0000E+00
1.5000E-01,0.0000E+00
1.6000E-01,0.0000E+00
1.7000E-01,0.0000E+00
1.8000E-01,0.0000E+00
1.9000E-01,0.0000E+00
2.0000E-01,0.0000E+00
2.1000E-01,0.0000E+00
2.2000E-01,0.0000E+00
2.3000E-01,0.0000E+00
2.4000E-01,0.0000E+00
2.5000E-01,0.0000E+00
2.6000E-01,0.0000E+00
2.7000E-01,0.0000E+00
2.8000E-01,0.0000E+00
2.9000E-01,0.0000E+00
3.0000E-01,0.0000E+00
3.1000E-01,0.0000E+00
3.2000E-01,3.0000E-02
3.3000E-01,3.0000E-02
3.4000E-01,3.0000E-02
3.5000E-01,3.0000E-02
3.6000E-01,3.0000E-02
3.7000E-01,3.0000E-02
3.8000E-01,3.0000E-02
3.9000E-01,3.0000E-02
4.0000E-01,3.0000E-02
4.1000E-01,3.0000E-02
4.2000E-01,3.0000E-02
4.3000E-01,3.0000E-02
4.4000E-01,3.0000E-02
4.5000E-01,3.0000E-02
4.6000E-01,3.0000E-02
4.7000E-01,3.0000E-02
4.8000E-01,3.0000E-02
4.9000E-01,3.0000E-02
5.0000E-01,3.0000E-02
5.1000E-01,3.0000E-02
5.2000E-01,3.0000E-02
5.3000E-01,3.0000E-02
5.4000E-01,3.0000E-02
5.5000E-01,3.0000E-02
5.6000E-01,3.0000E-02
5.7000E-01,3.0000E-02
5.8000E-01,3.0000E-02
5.9000E-01,3.0000E-02
6.0000E-01,3.0000E-02
6.1000E-01,3.0000E-02
6.2000E-01,3.0000E-02
6.3000E-01,3.0000E-02
6.4000E-01,3.0000E-02
6.5000E-01,3.0000E-02
6.6000E-01,3.0000E-02
6.7000E-01,3.0000E-02
6.8000E-01,3.0000E-02
6.9000E-01,3.0000E-02
7.0000E-01,3.0000E-02
7.1000E-01,3.0000E-02
7.2000E-01,3.0000E-02
7.3000E-01,3.0000E-02
7.4000E-01,3.0000E-02
7.5000E-01,3.0000E-02
7.6000E-01,3.0000E-02
7.7000E-01,3.0000E-02
7.8000E-01,3.0000E-02
7.9000E-01,3.0000E-02
8.0000E-01,3.0000E-02
8.1000E-01,3.0000E-02
8.2000E-01,3.0000E-02
8.3000E-01,3.0000E-02
8.4000E-01,3.0000E-02
8.5000E-01,3.0000E-02
8.6000E-01,3.0000E-02
8.7000E-01,3.0000E-02
8.8000E-01,3.0000E-02
8.9000E-01,3.0000E-02
9.0000E-01,3.0000E-02
9.1000E-01,3.0000E-02
9.2000E-01,3.0000E-02
9.3000E-01,3.0000E-02
9.4000E-01,3.0000E-02
9.5000E-01,3.0000E-02
9.6000E-01,3.0000E-02
9.7000E-01,3.0000E-02
9.8000E-01,3.0000E-02
9.9000E-01,0.0000E+00
2.0000E+00,3.0000E-02
2.0100E+00,3.0000E-02
2.0200E+00,3.0000E-02
2.0300E+00,3.0000E-02
2.0400E+00,3.0000E-02
2.0500E+00,3.0000E-02
2.0600E+00,3.0000E-02
2.0700E+00,3.0000E-02
2.0800E+00,3.0000E-02
2.0900E+00,3.0000E-02
2.1000E+00,3.0000E-02
2.1100E+00,3.0000E-02
2.1200E+00,3.0000E-02
2.1300E+00,3.0000E-02
2.1400E+00,3.0000E-02
2.1500E+00,3.0000E-02
2.1600E+00,3.0000E-02
2.1700E+00,3.0000E-02
2.1800E+00,3.0000E-02
2.1900E+00,3.0000E-02
2.2000E+00,3.0000E-02
2.2100E+00,3.0000E-02
2.2200E+00,3.0000E-02
2.2300E+00,3.0000E-02
2.2400E+00,3.0000E-02
2.2500E+00,3.0000E-02
2.2600E+00,3.0000E-02
2.2700E+00,3.0000E-02
2.2800E+00,3.0000E-02
2.2900E+00,3.0000E-02
2.3000E+00,3.0000E-02
2.3100E+00,3.0000E-02
2.3200E+00,3.0000E-02
2.3300E+00,3.0000E-02
2.3400E+00,3.0000E-02
2.3500E+00,3.0000E-02
2.3600E+00,3.0000E-02
2.3700E+00,3.0000E-02
2.3800E+00,3.0000E-02
2.3900E+00,3.0000E-02
2.4000E+00,3.0000E-02
2.4100E+00,3.0000E-02
2.4200E+00,3.0000E-02
2.4300E+00,3.0000E-02
2.4400E+00,3.0000E-02
2.4500E+00,3.0000E-02
2.4600E+00,3.0000E-02
2.4700E+00,3.0000E-02
2.4800E+00,3.0000E-02
2.4900E+00,3.0000E-02
2.5000E+00,3.0000E-02
2.5100E+00,3.0000E-02
2.5200E+00,3.0000E-02
2.5300E+00,3.0000E-02
2.5400E+00,3.0000E-02
2.5500E+00,3.0000E-02
2.5600E+00,3.0000E-02
2.5700E+00,3.0000E-02
2.5800E+00,3.0000E-02
2.5900E+00,3.0000E-02
2.6000E+00,3.0000E-02
2.6100E+00,3.0000E-02
2.6200E+00,3.0000E-02
2.6300E+00,3.0000E-02
2.6400E+00,3.0000E-02
2.6500E+00,3.0000E-02
2.6600E+00,3.0000E-02
2.6700E+00,3.0000E-02
2.6800E+00,3.0000E-02
2.6900E+00,3.0000E-02
2.7000E+00,3.0000E-02
2.7100E+00,3.0000E-02
2.7200E+00,3.0000E-02
2.7300E+00,3.0000E-02
2.7400E+00,3.0000E-02
2.7500E+00,3.0000E-02
2.7600E+00,3.0000E-02
2.7700E+00,3.0000E-02
2.7800E+00,3.0000E-02
2.7900E+00,3.0000E-02
2.8000E+00,3.0000E-02
2.8100E+00,3.0000E-02
2.8200E+00,3.0000E-02
2.8300E+00,3.0000E-02
2.8400E+00,3.0000E-02
2.8500E+00,3.0000E-02
2.8600E+00,3.0000E-02
2.8700E+00,3.0000E-02
2.8800E+00,3.0000E-02
2.8900E+00,3.0000E-02
2.9000E+00,3.0000E-02
2.9100E+00,3.0000E-02
2.9200E+00,3.0000E-02
2.9300E+00,3.0000E-02
2.9400E+00,3.0000E-02
2.9500E+00,3.0000E-02
2.9600E+00,3.0000E-02
2.9700E+00,3.0000E-02
2.9800E+00,3.0000E-02
2.9900E+00,3.0000E-02
3.0000E+00,0.0000E+00
4.0000E+00,3.0000E-02
4.0100E+00,3.0000E-02
4.0200E+00,3.0000E-02
4.0300E+00,3.0000E-02
4.0400E+00,3.0000E-02
4.0500E+00,3.0000E-02
4.0600E+00,3.0000E-02
4.0700E+00,3.0000E-02
4.0800E+00,3.0000E-02
4.0900E+00,3.0000E-02
4.1000E+00,3.0000E-02
4.1100E+00,3.0000E-02
4.1200E+00,3.0000E-02
4.1300E+00,3.0000E-02
4.1400E+00,3.0000E-02
4.1500E+00,3.0000E-02
4.1600E+00,3.0000E-02
4.1700E+00,3.0000E-02
4.1800E+00,3.0000E-02
4.1900E+00,3.0000E-02
4.2000E+00,3.0000E-02
4.2100E+00,3.0000E-02
4.2200E+00,3.0000E-02
4.2300E+00,3.0000E-02
4.2400E+00,3.0000E-02
4.2500E+00,3.0000E-02
4.2600E+00,3.0000E-02
4.2700E+00,3.0000E-02
4.2800E+00,3.0000E-02
4.2900E+00,3.0000E-02
4.3000E+00,3.0000E-02
4.3100E+00,3.0000E-02
4.3200E+00,3.0000E-02
4.3300E+00,3.0000E-02
4.3400E+00,3.0000E-02
4.3500E+00,3.0000E-02
4.3600E+00,3.0000E-02
4.3700E+00,3.0000E-02
4.3800E+00,3.0000E-02
4.3900E+00,3.0000E-02
4.4000E+00,3.0000E-02
4.4100E+00,3.0000E-02
4.4200E+00,3.0000E-02
4.4300E+00,3.0000E-02
4.4400E+00,3.0000E-02
4.4500E+00,3.0000E-02
4.4600E+00,3.0000E-02
4.4700E+00,3.0000E-02
4.4800E+00,3.0000E-02
4.4900E+00,3.0000E-02
4.5000E+00,3.0000E-02
4.5100E+00,3.0000E-02
4.5200E+00,3.0000E-02
4.5300E+00,3.0000E-02
4.5400E+00,3.0000E-02
4.5500E+00,3.0000E-02
4.5600E+00,3.0000E-02
4.5700E+00,3.0000E-02
4.5800E+00,3.0000E-02
4.5900E+00,3.0000E-02
4.6000E+00,3.0000E-02
4.6100E+00,3.0000E-02
4.6200E+00,3.0000E-02
4.6300E+00,3.0000E-02
4.6400E+00,3.0000E-02
4.6500E+00,3.0000E-02
4.6600E+00,3.0000E-02
4.6700E+00,3.0000E-02
4.6800E+00,3.0000E-02
4.6900E+00,3.0000E-02
4.7000E+00,3.0000E-02
4.7100E+00,3.0000E-02
4.7200E+00,3.0000E-02
4.7300E+00,3.0000E-02
4.7400E+00,3.0000E-02
4.7500E+00,3.0000E-02
4.7600E+00,3.0000E-02
4.7700E+00,3.0000E-02
4.7800E+00,3.0000E-02
4.7900E+00,3.0000E-02
4.8000E+00,3.0000E-02
4.8100E+00,3.0000E-02
4.8200E+00,3.0000E-02
4.8300E+00,3.0000E-02
4.8400E+00,3.0000E-02
4.8500E+00,3.0000E-02
4.8600E+00,3.0000E-02
4.8700E+00,3.0000E-02
4.8800E+00,3.0000E-02
4.8900E+00,3.0000E-02
4.9000E+00,3.0000E-02
4.9100E+00,3.0000E-02
4.9200E+00,3.0000E-02
4.9300E+00,3.0000E-02
4.9400E+00,3.0000E-02
4.9500E+00,3.0000E-02
4.9600E+00,3.0000E-02
4.9700E+00,3.0000E-02
4.9800E+00,3.0000E-02
4.9900E+00,3.0000E-02
5.0000E+00,0.0000E+00
6.0000E+00,3.0000E-02
6.0100E+00,3.0000E-02
6.0200E+00,3.0000E-02
6.0300E+00,3.0000E-02
6.0400E+00,3.0000E-02
6.0500E+00,3.0000E-02
6.0600E+00,3.0000E-02
6.0700E+00,3.0000E-02
6.0800E+00,3.0000E-02
6.0900E+00,3.0000E-02
6.1000E+00,3.0000E-02
6.1100E+00,3.0000E-02
6.1200E+00,3.0000E-02
6.1300E+00,3.0000E-02
6.1400E+00,3.0000E-02
6.1500E+00,3.0000E-02
6.1600E+00,3.0000E-02
6.1700E+00,3.0000E-02
6.1800E+00,3.0000E-02
6.1900E+00,3.0000E-02
6.2000E+00,3.0000E-02
6.2100E+00,3.0000E-02
6.2200E+00,3.0000E-02
6.2300E+00,3.0000E-02
6.2400E+00,3.0000E-02
6.2500E+00,3.0000E-02
6.2600E+00,3.0000E-02
6.2700E+00,3.0000E-02
6.2800E+00,3.0000E-02
6.2900E+00,3.0000E-02
6.3000E+00,3.0000E-02
6.3100E+00,3.0000E-02
6.3200E+00,3.0000E-02
6.3300E+00,3.0000E-02
6.3400E+00,3.0000E-02
6.3500E+00,3.0000E-02
6.3600E+00,3.0000E-02
6.3700E+00,3.0000E-02
6.3800E+00,3.0000E-02
6.3900E+00,3.0000E-02
6.4000E+00,3.0000E-02
6.4100E+00,3.0000E-02
6.4200E+00,3.0000E-02
6.4300E+00,3.0000E-02
6.4400E+00,3.0000E-02
6.4500E+00,3.0000E-02
6.4600E+00,3.0000E-02
6.4700E+00,3.0000E-02
6.4800E+00,3.0000E-02
6.4900E+00,3.0000E-02
6.5000E+00,3.0000E-02
6.5100E+00,3.0000E-02
6.5200E+00,3.0000E-02
6.5300E+00,3.0000E-02
6.5400E+00,3.0000E-02
6.5500E+00,3.0000E-02
6.5600E+00,3.0000E-02
6.5700E+00,3.0000E-02
6.5800E+00,3.0000E-02
6.5900E+00,3.0000E-02
6.6000E+00,3.0000E-02
6.6100E+00,3.0000E-02
6.6200E+00,3.0000E-02
6.6300E+00,3.0000E-02
6.6400E+00,3.0000E-02
6.6500E+00,3.0000E-02
6.6600E+00,3.0000E-02
6.6700E+00,3.0000E-02
6.6800E+00,3.0000E-02
6.6900E+00,3.0000E-02
6.7000E+00,3.0000E-02
6.7100E+00,3.0000E-02
6.7200E+00,3.0000E-02
6.7300E+00,3.0000E-02
6.7400E+00,3.0000E-02
6.7500E+00,3.0000E-02
6.7600E+00,3.0000E-02
6.7700E+00,3.0000E-02
6.7800E+00,3.0000E-02
6.7900E+00,3.0000E-02
6.8000E+00,3.0000E-02
6.8100E+00,3.0000E-02
6.8200E+00,3.0000E-02
6.8300E+00,3.0000E-02
6.8400E+00,3.0000E-02
6.8500E+00,3.0000E-02
6.8600E+00,3.0000E-02
6.8700E+00,3.0000E-02
6.8800E+00,3.0000E-02
6.8900E+00,3.0000E-02
6.9000E+00,3.0000E-02
6.9100E+00,3.0000E-02
6.9200E+00,3.0000E-02
6.9300E+00,3.0000E-02
6.9400E+00,3.0000E-02
6.9500E+00,3.0000E-02
6.9600E+00,3.0000E-02
6.9700E+00,3.0000E-02
6.9800E+00,3.0000E-02
6.9900E+00,3.0000E-02
7.0000E+00,0.0000E+00
8.0000E+00,3.0000E-02
8.0100E+00,3.0000E-02
8.0200E+00,3.0000E-02
8.0300E+00,3.0000E-02
8.0400E+00,3.0000E-02
8.0500E+00,3.0000E-02
8.0600E+00,3.0000E-02
8.0700E+00,3.0000E-02
8.0800E+00,3.0000E-02
8.0900E+00,3.0000E-02
8.1000E+00,3.0000E-02
8.1100E+00,3.0000E-02
8.1200E+00,3.0000E-02
8.1300E+00,3.0000E-02
8.1400E+00,3.0000E-02
8.1500E+00,3.0000E-02
8.1600E+00,3.0000E-02
8.1700E+00,3.0000E-02
8.1800E+00,3.0000E-02
8.1900E+00,3.0000E-02
8.2000E+00,3.0000E-02
8.2100E+00,3.0000E-02
8.2200E+00,3.0000E-02
8.2300E+00,3.0000E-02
8.2400E+00,3.0000E-02
8.2500E+00,3.0000E-02
8.2600E+00,3.0000E-02
8.2700E+00,3.0000E-02
8.2800E+00,3.0000E-02
8.2900E+00,3.0000E-02
8.3000E+00,3.0000E-02
8.3100E+00,3.0000E-02
8.3200E+00,3.0000E-02
8.3300E+00,3.0000E-02
8.3400E+00,3.0000E-02
8.3500E+00,3.0000E-02
8.3600E+00,3.0000E-02
8.3700E+00,3.0000E-02
8.3800E+00,3.0000E-02
8.3900E+00,3.0000E-02
8.4000E+00,3.0000E-02
8.4100E+00,3.0000E-02
8.4200E+00,3.0000E-02
8.4300E+00,3.0000E-02
8.4400E+00,3.0000E-02
8.4500E+00,3.0000E-02
8.4600E+00,3.0000E-02
8.4700E+00,3.0000E-02
8.4800E+00,3.0000E-02
8.4900E+00,3.0000E-02
8.5000E+00,3.0000E-02
8.5100E+00,3.0000E-02
8.5200E+00,3.0000E-02
8.5300E+00,3.0000E-02
8.5400E+00,3.0000E-02
8.5500E+00,3.0000E-02
8.5600E+00,3.0000E-02
8.5700E+00,3.0000E-02
8.5800E+00,3.0000E-02
8.5900E+00,3.0000E-02
8.6000E+00,3.0000E-02
8.6100E+00,3.0000E-02
8.6200E+00,3.0000E-02
8.6300E+00,3.0000E-02
8.6400E+00,3.0000E-02
8.6500E+00,3.0000E-02
8.6600E+00,3.0000E-02
8.6700E+00,3.0000E-02
8.6800E+00,3.0000E-02
8.6900E+00,3.0000E-02
8.7000E+00,3.0000E-02
8.7100E+00,3.0000E-02
8.7200E+00,3.0000E-02
8.7300E+00,3.0000E-02
8.7400E+00,3.0000E-02
8.7500E+00,3.0000E-02
8.7600E+00,3.0000E-02
8.7700E+00,3.0000E-02
8.7800E+00,3.0000E-02
8.7900E+00,3.0000E-02
8.8000E+00,3.0000E-02
8.8100E+00,3.0000E-02
8.8200E+00,3.0000E-02
8.8300E+00,3.0000E-02
8.8400E+00,3.0000E-02
8.8500E+00,3.0000E-02
8.8600E+00,3.0000E-02
8.8700E+00,3.0000E-02
8.8800E+00,3.0000E-02
8.8900E+00,3.0000E-02
8.9000E+00,3.0000E-02
8.9100E+00,3.0000E-02
8.9200E+00,3.0000E-02
8.9300E+00,3.0000E-02
8.9400E+00,3.0000E-02
8.9500E+00,3.0000E-02
8.9600E+00,3.0000E-02
8.9700E+00,3.0000E-02
8.9800E+00,3.0000E-02
8.9900E+00,3.0000E-02
9.0000E+00,0.0000E+00
1.0000E+01,3.0000E-02
1.0010E+01,3.0000E-02
1.0020E+01,3.0000E-02
1.0030E+01,3.0000E-02
1.0040E+01,3.0000E-02
1.0050E+01,3.0000E-02
1.0060E+01,3.0000E-02
1.0070E+01,3.0000E-02
1.0080E+01,3.0000E-02
1.0090E+01,3.0000E-02
1.0100E+01,3.0000E-02
1.0110E+01,3.0000E-02
1.0120E+01,3.0000E-02
1.0130E+01,3.0000E-02
1.0140E+01,3.0000E-02
1.0150E+01,3.0000E-02
1.0160E+01,3.0000E-02
1.0170E+01,3.0000E-02
1.0180E+01,3.0000E-02
1.0190E+01,3.0000E-02