1.0000E+02 = 1.0100E-02

1.1000E+02 = 6.6660E-02

1.2000E+02 = 1.3080E-01

1.3000E+02 = 2.0075E-01

1.4000E+02 = 2.7530E-01

1.5000E+02 = 3.4672E-01

1.6000E+02 = 3.8009E-01

1.7000E+02 = 4.0403E-01

1.8000E+02 = 4.2771E-01

1.9000E+02 = 4.5342E-01

2.0000E+02 = 4.7284E-01

2.1000E+02 = 4.8604E-01

2.2000E+02 = 5.0519E-01

2.3000E+02 = 5.1964E-01

2.4000E+02 = 5.2938E-01

2.5000E+02 = 5.4898E-01

2.6000E+02 = 5.6558E-01

2.7000E+02 = 5.7893E-01

2.8000E+02 = 5.8921E-01

2.9000E+02 = 5.9629E-01

3.0000E+02 = 6.0020E-01

3.1000E+02 = 6.0098E-01

3.2000E+02 = 6.1883E-01

3.3000E+02 = 6.1409E-01

3.4000E+02 = 6.2800E-01

3.5000E+02 = 6.4036E-01

3.6000E+02 = 6.5112E-01

3.7000E+02 = 6.6028E-01

3.8000E+02 = 6.4289E-01

3.9000E+02 = 6.4814E-01

4.0000E+02 = 6.5167E-01

4.1000E+02 = 6.8136E-01

4.2000E+02 = 6.8257E-01

4.3000E+02 = 6.8226E-01

4.4000E+02 = 6.8036E-01

4.5000E+02 = 6.7688E-01

4.6000E+02 = 7.0338E-01

4.7000E+02 = 6.9745E-01

4.8000E+02 = 6.8993E-01

4.9000E+02 = 7.1497E-01

5.0000E+02 = 7.0483E-01

5.1000E+02 = 6.9361E-01

5.2000E+02 = 7.1686E-01

5.3000E+02 = 7.0293E-01

5.4000E+02 = 7.2563E-01

5.5000E+02 = 7.0923E-01

5.6000E+02 = 7.3100E-01

5.7000E+02 = 7.1244E-01

5.8000E+02 = 7.3336E-01

5.9000E+02 = 7.1213E-01

6.0000E+02 = 7.3250E-01

6.1000E+02 = 7.5287E-01

6.2000E+02 = 7.2826E-01

6.3000E+02 = 7.4774E-01

6.4000E+02 = 7.2118E-01

6.5000E+02 = 7.3977E-01

6.6000E+02 = 7.5836E-01

6.7000E+02 = 7.2824E-01

6.8000E+02 = 7.4629E-01

6.9000E+02 = 7.6433E-01

7.0000E+02 = 7.3100E-01

7.1000E+02 = 7.4780E-01

7.2000E+02 = 7.6500E-01

7.3000E+02 = 7.8250E-01

7.4000E+02 = 7.4505E-01

7.5000E+02 = 7.6132E-01

7.6000E+02 = 7.7758E-01

7.7000E+02 = 7.3672E-01

7.8000E+02 = 7.5244E-01

7.9000E+02 = 7.6817E-01

8.0000E+02 = 7.8389E-01

8.1000E+02 = 7.9961E-01

8.2000E+02 = 7.5365E-01

8.3000E+02 = 7.6812E-01

8.4000E+02 = 7.8306E-01

8.5000E+02 = 7.9824E-01

8.6000E+02 = 7.4862E-01

8.7000E+02 = 7.6256E-01

8.8000E+02 = 7.7650E-01

8.9000E+02 = 7.9044E-01

9.0000E+02 = 8.0437E-01

9.1000E+02 = 7.4940E-01

9.2000E+02 = 7.6280E-01

9.3000E+02 = 7.7620E-01

9.4000E+02 = 7.8960E-01

9.5000E+02 = 8.0300E-01

9.6000E+02 = 8.1640E-01

9.7000E+02 = 7.5571E-01

9.8000E+02 = 7.6786E-01

9.9000E+02 = 7.8000E-01

1.0000E+03 = 7.9214E-01

1.0100E+03 = 8.0500E-01

1.0200E+03 = 8.1786E-01

1.0300E+03 = 8.3071E-01

1.0400E+03 = 7.6338E-01

1.0500E+03 = 7.7500E-01

1.0600E+03 = 7.8662E-01

1.0700E+03 = 7.9823E-01

1.0800E+03 = 8.0985E-01

1.0900E+03 = 8.2146E-01

1.1000E+03 = 8.3308E-01

1.1100E+03 = 8.4469E-01

1.1200E+03 = 7.6967E-01

1.1300E+03 = 7.8075E-01

1.1400E+03 = 7.9183E-01

1.1500E+03 = 8.0292E-01

1.1600E+03 = 8.1400E-01

1.1700E+03 = 8.2508E-01

1.1800E+03 = 8.3617E-01

1.1900E+03 = 8.4725E-01

1.2000E+03 = 7.6455E-01

1.2100E+03 = 7.7436E-01

1.2200E+03 = 7.8418E-01

1.2300E+03 = 7.9400E-01

1.2400E+03 = 8.0382E-01

1.2500E+03 = 8.1364E-01

1.2600E+03 = 8.2418E-01

1.2700E+03 = 8.3473E-01

1.2800E+03 = 8.4527E-01

1.2900E+03 = 8.5582E-01

1.3000E+03 = 8.6636E-01

1.3100E+03 = 7.7330E-01

1.3200E+03 = 7.8260E-01

1.3300E+03 = 7.9190E-01

1.3400E+03 = 8.0120E-01

1.3500E+03 = 8.1050E-01

1.3600E+03 = 8.1980E-01

1.3700E+03 = 8.2910E-01

1.3800E+03 = 8.3840E-01

1.3900E+03 = 8.4770E-01

1.4000E+03 = 8.5700E-01

1.4100E+03 = 8.6630E-01

1.4200E+03 = 8.7560E-01

1.4300E+03 = 7.7078E-01

1.4400E+03 = 7.7956E-01

1.4500E+03 = 7.8833E-01

1.4600E+03 = 7.9711E-01

1.4700E+03 = 8.0589E-01

1.4800E+03 = 8.1467E-01

1.4900E+03 = 8.2344E-01

1.5000E+03 = 8.3222E-01

1.5100E+03 = 8.4100E-01

1.5200E+03 = 8.4978E-01

1.5300E+03 = 8.5856E-01

1.5400E+03 = 8.6733E-01

1.5500E+03 = 8.7611E-01

1.5600E+03 = 8.8489E-01

1.5700E+03 = 8.9367E-01

1.5800E+03 = 7.7500E-01

1.5900E+03 = 7.8250E-01

1.6000E+03 = 7.9000E-01

1.6100E+03 = 7.9750E-01

1.6200E+03 = 8.0500E-01

1.6300E+03 = 8.1250E-01

1.6400E+03 = 8.2000E-01

1.6500E+03 = 8.2750E-01

1.6600E+03 = 8.3500E-01

1.6700E+03 = 8.4275E-01

1.6800E+03 = 8.5100E-01

1.6900E+03 = 8.5925E-01

1.7000E+03 = 8.6750E-01

1.7100E+03 = 8.7575E-01

1.7200E+03 = 8.8400E-01

1.7300E+03 = 8.9225E-01

1.7400E+03 = 9.0050E-01

1.7500E+03 = 9.0875E-01

1.7600E+03 = 9.1700E-01

1.7700E+03 = 7.8043E-01

1.7800E+03 = 7.8743E-01

1.7900E+03 = 7.9443E-01

1.8000E+03 = 8.0143E-01

1.8100E+03 = 8.0843E-01

1.8200E+03 = 8.1543E-01

1.8300E+03 = 8.2243E-01

1.8400E+03 = 8.2943E-01

1.8500E+03 = 8.3643E-01

1.8600E+03 = 8.4343E-01

1.8700E+03 = 8.5043E-01

1.8800E+03 = 8.5743E-01

1.8900E+03 = 8.6443E-01

1.9000E+03 = 8.7143E-01

1.9100E+03 = 8.7843E-01

1.9200E+03 = 8.8543E-01

1.9300E+03 = 8.9243E-01

1.9400E+03 = 8.9943E-01

1.9500E+03 = 9.0643E-01

1.9600E+03 = 9.1343E-01

1.9700E+03 = 9.2043E-01

1.9800E+03 = 9.2743E-01

1.9900E+03 = 9.3443E-01

2.0000E+03 = 9.4143E-01

2.0100E+03 = 7.8150E-01

2.0200E+03 = 7.8800E-01

2.0300E+03 = 7.9450E-01

2.0400E+03 = 8.0100E-01

2.0500E+03 = 8.0750E-01

2.0600E+03 = 8.1400E-01

2.0700E+03 = 8.2050E-01

2.0800E+03 = 8.2700E-01

2.0900E+03 = 8.3350E-01

2.1000E+03 = 8.4000E-01

2.1100E+03 = 8.4650E-01

2.1200E+03 = 8.5300E-01

2.1300E+03 = 8.5950E-01

2.1400E+03 = 8.6600E-01

2.1500E+03 = 8.7250E-01

2.1600E+03 = 8.7900E-01

2.1700E+03 = 8.8550E-01

2.1800E+03 = 8.9200E-01

2.1900E+03 = 8.9850E-01

2.2000E+03 = 9.0500E-01

2.2100E+03 = 9.1150E-01

2.2200E+03 = 9.1800E-01

2.2300E+03 = 9.2450E-01

2.2400E+03 = 9.3100E-01

2.2500E+03 = 9.3750E-01

2.2600E+03 = 9.4400E-01

2.2700E+03 = 9.5050E-01

2.2800E+03 = 9.5700E-01

2.2900E+03 = 9.6350E-01

2.3000E+03 = 9.7000E-01

2.3100E+03 = 7.8120E-01

2.3200E+03 = 7.8640E-01

2.3300E+03 = 7.9160E-01

2.3400E+03 = 7.9680E-01

2.3500E+03 = 8.0200E-01

2.3600E+03 = 8.0720E-01

2.3700E+03 = 8.1240E-01

2.3800E+03 = 8.1760E-01

2.3900E+03 = 8.2280E-01

2.4000E+03 = 8.2800E-01

2.4100E+03 = 8.3320E-01

2.4200E+03 = 8.3840E-01

2.4300E+03 = 8.4360E-01

2.4400E+03 = 8.4880E-01

2.4500E+03 = 8.5400E-01

2.4600E+03 = 8.5920E-01

2.4700E+03 = 8.6440E-01

2.4800E+03 = 8.6960E-01

2.4900E+03 = 8.7480E-01

2.5000E+03 = 8.8000E-01

2.5100E+03 = 8.8600E-01

2.5200E+03 = 8.9200E-01

2.5300E+03 = 8.9800E-01

2.5400E+03 = 9.0400E-01

2.5500E+03 = 9.1000E-01

2.5600E+03 = 9.1600E-01

2.5700E+03 = 9.2200E-01

2.5800E+03 = 9.2800E-01

2.5900E+03 = 9.3400E-01

2.6000E+03 = 9.4000E-01

2.6100E+03 = 9.4600E-01

2.6200E+03 = 9.5200E-01

2.6300E+03 = 9.5800E-01

2.6400E+03 = 9.6400E-01

2.6500E+03 = 9.7000E-01

2.6600E+03 = 9.7600E-01

2.6700E+03 = 9.8200E-01

2.6800E+03 = 9.8800E-01

2.6900E+03 = 9.9400E-01

2.7000E+03 = 1.0000E+00

2.7100E+03 = 1.0060E+00

2.7200E+03 = 1.0120E+00

2.7300E+03 = 7.8175E-01

2.7400E+03 = 7.8650E-01

2.7500E+03 = 7.9125E-01

2.7600E+03 = 7.9600E-01

2.7700E+03 = 8.0075E-01

2.7800E+03 = 8.0550E-01

2.7900E+03 = 8.1025E-01

2.8000E+03 = 8.1500E-01

2.8100E+03 = 8.1975E-01

2.8200E+03 = 8.2450E-01

2.8300E+03 = 8.2925E-01

2.8400E+03 = 8.3400E-01

2.8500E+03 = 8.3875E-01

2.8600E+03 = 8.4350E-01

2.8700E+03 = 8.4825E-01

2.8800E+03 = 8.5300E-01

2.8900E+03 = 8.5775E-01

2.9000E+03 = 8.6250E-01

2.9100E+03 = 8.6725E-01

2.9200E+03 = 8.7200E-01

2.9300E+03 = 8.7675E-01

2.9400E+03 = 8.8150E-01

2.9500E+03 = 8.8625E-01

2.9600E+03 = 8.9100E-01

2.9700E+03 = 8.9575E-01

2.9800E+03 = 9.0050E-01

2.9900E+03 = 9.0525E-01

3.0000E+03 = 9.1000E-01

3.0100E+03 = 9.1475E-01

3.0200E+03 = 9.1950E-01

3.0300E+03 = 9.2425E-01

3.0400E+03 = 9.2900E-01

3.0500E+03 = 9.3375E-01

3.0600E+03 = 9.3850E-01

3.0700E+03 = 9.4325E-01

3.0800E+03 = 9.4800E-01

3.0900E+03 = 9.5275E-01

3.1000E+03 = 9.5750E-01

3.1100E+03 = 9.6225E-01

3.1200E+03 = 9.6700E-01

3.1300E+03 = 9.7175E-01

3.1400E+03 = 9.7650E-01

3.1500E+03 = 9.8125E-01

3.1600E+03 = 9.8600E-01

3.1700E+03 = 9.9075E-01

3.1800E+03 = 9.9550E-01

3.1900E+03 = 1.0003E+00

3.2000E+03 = 1.0050E+00

3.2100E+03 = 1.0097E+00

3.2200E+03 = 1.0145E+00

3.2300E+03 = 1.0192E+00

3.2400E+03 = 1.0240E+00

3.2500E+03 = 1.0288E+00

3.2600E+03 = 1.0335E+00

3.2700E+03 = 1.0383E+00

3.2800E+03 = 1.0430E+00

3.2900E+03 = 1.0477E+00

3.3000E+03 = 1.0525E+00

3.3100E+03 = 1.0573E+00

3.3200E+03 = 1.0620E+00

3.3300E+03 = 1.0667E+00

3.3400E+03 = 7.7067E-01

3.3500E+03 = 7.7500E-01

3.3600E+03 = 7.7933E-01

3.3700E+03 = 7.8367E-01

3.3800E+03 = 7.8800E-01

3.3900E+03 = 7.9233E-01

3.4000E+03 = 7.9667E-01

3.4100E+03 = 8.0100E-01

3.4200E+03 = 8.0533E-01

3.4300E+03 = 8.0967E-01

3.4400E+03 = 8.1400E-01

3.4500E+03 = 8.1833E-01

3.4600E+03 = 8.2267E-01

3.4700E+03 = 8.2700E-01

3.4800E+03 = 8.3133E-01

3.4900E+03 = 8.3567E-01

3.5000E+03 = 8.4000E-01

3.5100E+03 = 8.4433E-01

3.5200E+03 = 8.4867E-01

3.5300E+03 = 8.5300E-01

3.5400E+03 = 8.5733E-01

3.5500E+03 = 8.6167E-01

3.5600E+03 = 8.6600E-01

3.5700E+03 = 8.7033E-01

3.5800E+03 = 8.7467E-01

3.5900E+03 = 8.7900E-01

3.6000E+03 = 8.8333E-01

3.6100E+03 = 8.8767E-01

3.6200E+03 = 8.9200E-01

3.6300E+03 = 8.9633E-01

3.6400E+03 = 9.0067E-01

3.6500E+03 = 9.0500E-01

3.6600E+03 = 9.0933E-01

3.6700E+03 = 9.1367E-01

3.6800E+03 = 9.1800E-01

3.6900E+03 = 9.2233E-01

3.7000E+03 = 9.2667E-01

3.7100E+03 = 9.3100E-01

3.7200E+03 = 9.3533E-01

3.7300E+03 = 9.3967E-01

3.7400E+03 = 9.4400E-01

3.7500E+03 = 9.4833E-01

3.7600E+03 = 9.5267E-01

3.7700E+03 = 9.5700E-01

3.7800E+03 = 9.6133E-01

3.7900E+03 = 9.6567E-01

3.8000E+03 = 9.7000E-01

3.8100E+03 = 9.7433E-01

3.8200E+03 = 9.7867E-01

3.8300E+03 = 9.8300E-01

3.8400E+03 = 9.8733E-01

3.8500E+03 = 9.9167E-01

3.8600E+03 = 9.9600E-01

3.8700E+03 = 1.0003E+00

3.8800E+03 = 1.0047E+00

3.8900E+03 = 1.0090E+00

3.9000E+03 = 1.0133E+00

3.9100E+03 = 1.0177E+00

3.9200E+03 = 1.0220E+00

3.9300E+03 = 1.0263E+00

3.9400E+03 = 1.0307E+00

3.9500E+03 = 1.0350E+00

3.9600E+03 = 1.0393E+00

3.9700E+03 = 1.0437E+00

3.9800E+03 = 1.0480E+00

3.9900E+03 = 1.0523E+00

4.0000E+03 = 1.0567E+00

4.0100E+03 = 1.0610E+00

4.0200E+03 = 1.0653E+00

4.0300E+03 = 1.0697E+00

4.0400E+03 = 1.0740E+00

4.0500E+03 = 1.0783E+00

4.0600E+03 = 1.0827E+00

4.0700E+03 = 1.0870E+00

4.0800E+03 = 1.0913E+00

4.0900E+03 = 1.0957E+00

4.1000E+03 = 1.1000E+00

4.1100E+03 = 1.1043E+00

4.1200E+03 = 1.1087E+00

4.1300E+03 = 1.1130E+00

4.1400E+03 = 1.1173E+00

4.1500E+03 = 1.1217E+00

4.1600E+03 = 1.1260E+00

4.1700E+03 = 1.1303E+00

4.1800E+03 = 1.1347E+00

4.1900E+03 = 1.1390E+00

4.2000E+03 = 1.1433E+00

4.2100E+03 = 1.1477E+00

4.2200E+03 = 1.1520E+00

4.2300E+03 = 1.1563E+00

4.2400E+03 = 1.1607E+00

4.2500E+03 = 1.1650E+00

4.2600E+03 = 1.1693E+00

4.2700E+03 = 1.1737E+00

4.2800E+03 = 1.1780E+00

4.2900E+03 = 7.8200E-01

4.3000E+03 = 7.8500E-01

4.3100E+03 = 7.8800E-01

4.3200E+03 = 7.9100E-01

4.3300E+03 = 7.9400E-01

4.3400E+03 = 7.9700E-01

4.3500E+03 = 8.0000E-01

4.3600E+03 = 8.0300E-01

4.3700E+03 = 8.0600E-01

4.3800E+03 = 8.0900E-01

4.3900E+03 = 8.1200E-01

4.4000E+03 = 8.1500E-01

4.4100E+03 = 8.1800E-01

4.4200E+03 = 8.2100E-01

4.4300E+03 = 8.2400E-01

4.4400E+03 = 8.2700E-01

4.4500E+03 = 8.3000E-01

4.4600E+03 = 8.3300E-01

4.4700E+03 = 8.3600E-01

4.4800E+03 = 8.3900E-01

4.4900E+03 = 8.4200E-01

4.5000E+03 = 8.4500E-01

4.5100E+03 = 8.4800E-01

4.5200E+03 = 8.5100E-01

4.5300E+03 = 8.5400E-01

4.5400E+03 = 8.5700E-01

4.5500E+03 = 8.6000E-01

4.5600E+03 = 8.6300E-01

4.5700E+03 = 8.6600E-01

4.5800E+03 = 8.6900E-01

4.5900E+03 = 8.7200E-01

4.6000E+03 = 8.7500E-01

4.6100E+03 = 8.7800E-01

4.6200E+03 = 8.8100E-01

4.6300E+03 = 8.8400E-01

4.6400E+03 = 8.8700E-01

4.6500E+03 = 8.9000E-01

4.6600E+03 = 8.9300E-01

4.6700E+03 = 8.9600E-01

4.6800E+03 = 8.9900E-01

4.6900E+03 = 9.0200E-01

4.7000E+03 = 9.0500E-01

4.7100E+03 = 9.0800E-01

4.7200E+03 = 9.1100E-01

4.7300E+03 = 9.1400E-01

4.7400E+03 = 9.1700E-01

4.7500E+03 = 9.2000E-01

4.7600E+03 = 9.2300E-01

4.7700E+03 = 9.2600E-01

4.7800E+03 = 9.2900E-01

4.7900E+03 = 9.3200E-01

4.8000E+03 = 9.3500E-01

4.8100E+03 = 9.3800E-01

4.8200E+03 = 9.4100E-01

4.8300E+03 = 9.4400E-01

4.8400E+03 = 9.4700E-01

4.8500E+03 = 9.5000E-01

4.8600E+03 = 9.5300E-01

4.8700E+03 = 9.5600E-01

4.8800E+03 = 9.5900E-01

4.8900E+03 = 9.6200E-01

4.9000E+03 = 9.6500E-01

4.9100E+03 = 9.6800E-01

4.9200E+03 = 9.7100E-01

4.9300E+03 = 9.7400E-01

4.9400E+03 = 9.7700E-01

4.9500E+03 = 9.8000E-01

4.9600E+03 = 9.8300E-01

4.9700E+03 = 9.8600E-01

4.9800E+03 = 9.8900E-01

4.9900E+03 = 9.9200E-01

5.0000E+03 = 9.9500E-01

