1.0000E+02 = 9.9000E-01

2.0000E+02 = 9.9000E-01

3.0000E+02 = 9.9000E-01

4.0000E+02 = 9.9000E-01

5.0000E+02 = 9.9000E-01

6.0000E+02 = 9.9000E-01

7.0000E+02 = 9.9000E-01

8.0000E+02 = 9.9000E-01

9.0000E+02 = 9.9000E-01

1.0000E+03 = 9.9000E-01

1.1000E+03 = 9.9000E-01

1.2000E+03 = 9.9000E-01

1.3000E+03 = 9.9000E-01

1.4000E+03 = 9.9000E-01

1.5000E+03 = 9.9000E-01

1.6000E+03 = 9.9000E-01

1.7000E+03 = 9.9000E-01

1.8000E+03 = 9.9000E-01

1.9000E+03 = 9.9000E-01

2.0000E+03 = 9.9000E-01

2.1000E+03 = 9.9000E-01

2.2000E+03 = 9.9000E-01

2.3000E+03 = 9.9000E-01

2.4000E+03 = 9.9000E-01

2.5000E+03 = 9.9000E-01

2.6000E+03 = 9.9000E-01

2.7000E+03 = 9.9000E-01

2.8000E+03 = 9.9000E-01

2.9000E+03 = 9.9000E-01

3.0000E+03 = 9.9000E-01

3.1000E+03 = 9.9000E-01

3.2000E+03 = 9.9000E-01

3.3000E+03 = 9.9000E-01

3.4000E+03 = 1.0033E+00

3.5000E+03 = 1.0233E+00

3.6000E+03 = 1.0433E+00

3.7000E+03 = 1.0633E+00

3.8000E+03 = 1.0900E+00

3.9000E+03 = 1.1233E+00

4.0000E+03 = 1.1567E+00

4.1000E+03 = 1.1900E+00

4.2000E+03 = 8.3500E-01

4.3000E+03 = 8.5500E-01

4.4000E+03 = 8.7500E-01

4.5000E+03 = 8.9500E-01

4.6000E+03 = 9.1500E-01

4.7000E+03 = 9.3500E-01

4.8000E+03 = 9.5500E-01

4.9000E+03 = 9.7500E-01

5.0000E+03 = 9.9500E-01

